\BOOKMARK [1][-]{section*.2}{\376\377\004\046\004\065\004\073\004\114\000\040\004\100\004\060\004\061\004\076\004\102\004\113}{}% 1
\BOOKMARK [1][-]{section*.4}{\376\377\004\024\004\060\004\062\004\060\004\071\004\102\004\065\000\040\004\077\004\076\004\110\004\103\004\074\004\070\004\074\000!}{}% 2
\BOOKMARK [2][-]{section*.6}{\376\377\004\030\004\074\004\077\004\103\004\073\004\114\004\101\004\075\004\113\004\071\000\040\004\110\004\103\004\074}{section*.4}% 3
\BOOKMARK [2][-]{section*.8}{\376\377\004\020\004\064\004\064\004\070\004\102\004\070\004\062\004\075\004\113\004\071\000\040\004\110\004\103\004\074}{section*.4}% 4
\BOOKMARK [2][-]{section*.10}{\376\377\004\034\004\103\004\073\004\114\004\102\004\070\004\077\004\073\004\070\004\072\004\060\004\102\004\070\004\062\004\075\004\113\004\071\000\040\004\110\004\103\004\074\000\040\004\070\000\040\004\101\004\077\004\065\004\072\004\073\000-\004\110\004\103\004\074}{section*.4}% 5
\BOOKMARK [2][-]{section*.12}{\376\377\004\023\004\060\004\103\004\101\004\101\004\076\004\062\000\040\004\110\004\103\004\074}{section*.4}% 6
\BOOKMARK [2][-]{section*.14}{\376\377\004\050\004\103\004\074\000\040\004\072\004\062\004\060\004\075\004\102\004\076\004\062\004\060\004\075\004\070\004\117}{section*.4}% 7
\BOOKMARK [2][-]{section*.16}{\376\377\004\037\004\100\004\070\004\074\004\065\004\075\004\065\004\075\004\070\004\065\000\040\004\110\004\103\004\074\004\076\004\062\000\040\004\072\000\040\004\070\004\067\004\076\004\061\004\100\004\060\004\066\004\065\004\075\004\070\004\116}{section*.4}% 8
\BOOKMARK [1][-]{section*.18}{\376\377\004\035\004\070\004\067\004\072\004\076\004\107\004\060\004\101\004\102\004\076\004\102\004\075\004\060\004\117\000\040\004\104\004\070\004\073\004\114\004\102\004\100\004\060\004\106\004\070\004\117\000\040\000\050\004\070\004\073\004\070\000\040\004\077\004\076\004\062\004\065\004\101\004\102\004\114\000\040\000\253\004\037\004\100\004\065\004\072\004\100\004\060\004\111\004\060\004\065\004\074\000\040\004\110\004\103\004\074\004\065\004\102\004\114\000!\000\273\000\051}{}% 9
\BOOKMARK [2][-]{section*.20}{\376\377\004\044\004\070\004\073\004\114\004\102\004\100\000\040\004\023\004\060\004\103\004\101\004\101\004\060}{section*.18}% 10
\BOOKMARK [2][-]{section*.22}{\376\377\004\032\004\076\004\075\004\102\004\100\004\063\004\060\004\100\004\074\004\076\004\075\004\070\004\107\004\065\004\101\004\072\004\070\004\071\000\040\004\103\004\101\004\100\004\065\004\064\004\075\004\117\004\116\004\111\004\070\004\071\000\040\004\104\004\070\004\073\004\114\004\102\004\100}{section*.18}% 11
\BOOKMARK [1][-]{section*.24}{\376\377\004\035\004\065\004\073\004\070\004\075\004\065\004\071\004\075\004\060\004\117\000\040\004\104\004\070\004\073\004\114\004\102\004\100\004\060\004\106\004\070\004\117\000\040\000\050\004\077\004\076\004\072\004\103\004\077\004\060\004\071\004\102\004\065\000\040\004\075\004\065\004\073\004\070\004\075\004\065\004\071\004\072\004\070\000,\000\040\004\107\004\102\004\076\004\061\004\113\000\040\004\100\004\060\004\067\004\076\004\061\004\100\004\060\004\102\004\114\004\101\004\117\000\051}{}% 12
\BOOKMARK [2][-]{section*.26}{\376\377\004\034\004\065\004\064\004\070\004\060\004\075\004\075\004\113\004\071\000\040\004\104\004\070\004\073\004\114\004\102\004\100}{section*.24}% 13
\BOOKMARK [2][-]{section*.28}{\376\377\004\022\004\067\004\062\004\065\004\110\004\065\004\075\004\075\004\113\004\071\000\040\004\074\004\065\004\064\004\070\004\060\004\075\004\075\004\113\004\071\000\040\004\104\004\070\004\073\004\114\004\102\004\100}{section*.24}% 14
\BOOKMARK [2][-]{section*.30}{\376\377\004\040\004\060\004\075\004\063\004\076\004\062\004\113\004\071\000\040\004\104\004\070\004\073\004\114\004\102\004\100}{section*.24}% 15
\BOOKMARK [2][-]{section*.32}{\376\377\004\022\004\070\004\075\004\065\004\100\004\076\004\062\004\101\004\072\004\070\004\071\000\040\004\104\004\070\004\073\004\114\004\102\004\100}{section*.24}% 16
\BOOKMARK [2][-]{section*.34}{\376\377\004\020\004\064\004\060\004\077\004\102\004\070\004\062\004\075\004\113\004\071\000\040\004\074\004\065\004\064\004\070\004\060\004\075\004\075\004\113\004\071\000\040\004\104\004\070\004\073\004\114\004\102\004\100}{section*.24}% 17
\BOOKMARK [1][-]{section*.36}{\376\377\004\022\004\113\004\101\004\076\004\072\004\076\004\107\004\060\004\101\004\102\004\076\004\102\004\075\004\060\004\117\000\040\004\104\004\070\004\073\004\114\004\102\004\100\004\060\004\106\004\070\004\117\000\040\000\050\004\062\004\113\004\101\004\102\004\100\004\060\004\070\004\062\004\060\004\065\004\074\000\040\004\063\004\100\004\060\004\075\004\070\004\106\004\113\000\040\004\077\004\076\004\075\004\070\004\074\004\060\004\075\004\070\004\117\000\051}{}% 18
\BOOKMARK [2][-]{section*.38}{\376\377\004\044\004\070\004\073\004\114\004\102\004\100\000\040\004\040\004\076\004\061\004\065\004\100\004\102\004\101\004\060}{section*.36}% 19
\BOOKMARK [2][-]{section*.40}{\376\377\004\044\004\070\004\073\004\114\004\102\004\100\000\040\004\037\004\100\004\065\004\062\004\070\004\102\004\102\004\060\000\040\000\050\004\037\004\100\004\116\004\070\004\102\004\102\004\060\000\051}{section*.36}% 20
\BOOKMARK [2][-]{section*.42}{\376\377\004\044\004\070\004\073\004\114\004\102\004\100\000\040\004\041\004\076\004\061\004\065\004\073\004\060}{section*.36}% 21
\BOOKMARK [2][-]{section*.44}{\376\377\004\044\004\070\004\073\004\114\004\102\004\100\000\040\004\033\004\060\004\077\004\073\004\060\004\101\004\060}{section*.36}% 22
\BOOKMARK [2][-]{section*.46}{\376\377\004\020\004\073\004\063\004\076\004\100\004\070\004\102\004\074\000\040\004\032\004\115\004\075\004\075\004\070}{section*.36}% 23
\BOOKMARK [1][-]{section*.48}{\376\377\004\022\004\113\004\062\004\076\004\064}{}% 24
\BOOKMARK [1][-]{section*.50}{\376\377\004\022\004\076\004\077\004\100\004\076\004\101\004\113\000\040\004\072\000\040\004\067\004\060\004\111\004\070\004\102\004\065}{}% 25
