\BOOKMARK [1][-]{section*.2}{\376\377\004\030\004\101\004\101\004\073\004\065\004\064\004\076\004\062\004\060\004\075\004\070\004\065\000\040\004\101\004\070\004\101\004\102\004\065\004\074\004\113\000\040\004\101\000\040\004\060\004\101\004\102\004\060\004\102\004\070\004\067\004\074\004\076\004\074\000\040\004\075\004\103\004\073\004\065\004\062\004\076\004\063\004\076\000\040\004\077\004\076\004\100\004\117\004\064\004\072\004\060}{}% 1
\BOOKMARK [2][-]{section*.4}{\376\377\004\043\004\101\004\073\004\076\004\062\004\070\004\117}{section*.2}% 2
\BOOKMARK [2][-]{section*.7}{\376\377\004\030\004\101\004\101\004\073\004\065\004\064\004\076\004\062\004\060\004\075\004\070\004\065\000\040\004\101\004\102\004\060\004\106\004\070\004\076\004\075\004\060\004\100\004\075\004\076\004\063\004\076\000\040\004\100\004\065\004\066\004\070\004\074\004\060\000\040\004\100\004\060\004\061\004\076\004\102\004\113}{section*.2}% 3
\BOOKMARK [3][-]{section*.9}{\376\377\004\027\004\060\004\064\004\060\004\075\004\070\004\065}{section*.7}% 4
\BOOKMARK [3][-]{section*.11}{\376\377\004\022\004\113\004\077\004\076\004\073\004\075\004\065\004\075\004\070\004\065\000\040\004\100\004\060\004\061\004\076\004\102\004\113}{section*.7}% 5
\BOOKMARK [2][-]{section*.15}{\376\377\004\030\004\101\004\101\004\073\004\065\004\064\004\076\004\062\004\060\004\075\004\070\004\065\000\040\004\100\004\065\004\066\004\070\004\074\004\060\000\040\004\064\004\062\004\070\004\066\004\065\004\075\004\070\004\117\000\040\004\101\000\040\004\077\004\076\004\101\004\102\004\076\004\117\004\075\004\075\004\076\004\071\000\040\004\101\004\072\004\076\004\100\004\076\004\101\004\102\004\114\004\116}{section*.2}% 6
\BOOKMARK [3][-]{section*.17}{\376\377\004\027\004\060\004\064\004\060\004\075\004\070\004\065}{section*.15}% 7
\BOOKMARK [3][-]{section*.19}{\376\377\004\022\004\113\004\077\004\076\004\073\004\075\004\065\004\075\004\070\004\065\000\040\004\100\004\060\004\061\004\076\004\102\004\113}{section*.15}% 8
\BOOKMARK [1][-]{section*.22}{\376\377\004\030\004\101\004\101\004\073\004\065\004\064\004\076\004\062\004\060\004\075\004\070\004\065\000\040\004\101\004\070\004\101\004\102\004\065\004\074\004\113\000\040\004\101\000\040\004\060\004\101\004\102\004\060\004\102\004\070\004\067\004\074\004\076\004\074\000\040\004\077\004\065\004\100\004\062\004\076\004\063\004\076\000\040\004\077\004\076\004\100\004\117\004\064\004\072\004\060}{}% 9
\BOOKMARK [2][-]{section*.24}{\376\377\004\043\004\101\004\073\004\076\004\062\004\070\004\117}{section*.22}% 10
\BOOKMARK [2][-]{section*.26}{\376\377\004\030\004\101\004\101\004\073\004\065\004\064\004\076\004\062\004\060\004\075\004\070\004\065\000\040\004\101\004\102\004\060\004\106\004\070\004\076\004\075\004\060\004\100\004\075\004\076\004\063\004\076\000\040\004\100\004\065\004\066\004\070\004\074\004\060\000\040\004\100\004\060\004\061\004\076\004\102\004\113}{section*.22}% 11
\BOOKMARK [3][-]{section*.28}{\376\377\004\027\004\060\004\064\004\060\004\075\004\070\004\065}{section*.26}% 12
\BOOKMARK [3][-]{section*.30}{\376\377\004\022\004\113\004\077\004\076\004\073\004\075\004\065\004\075\004\070\004\065\000\040\004\100\004\060\004\061\004\076\004\102\004\113}{section*.26}% 13
\BOOKMARK [2][-]{section*.34}{\376\377\004\030\004\101\004\101\004\073\004\065\004\064\004\076\004\062\004\060\004\075\004\070\004\065\000\040\004\100\004\065\004\066\004\070\004\074\004\060\000\040\004\064\004\062\004\070\004\066\004\065\004\075\004\070\004\117\000\040\004\101\000\040\004\077\004\076\004\101\004\102\004\076\004\117\004\075\004\075\004\076\004\071\000\040\004\101\004\072\004\076\004\100\004\076\004\101\004\102\004\114\004\116}{section*.22}% 14
\BOOKMARK [3][-]{section*.36}{\376\377\004\027\004\060\004\064\004\060\004\075\004\070\004\065}{section*.34}% 15
\BOOKMARK [3][-]{section*.38}{\376\377\004\022\004\113\004\077\004\076\004\073\004\075\004\065\004\075\004\070\004\065\000\040\004\100\004\060\004\061\004\076\004\102\004\113}{section*.34}% 16
\BOOKMARK [2][-]{section*.41}{\376\377\004\030\004\101\004\101\004\073\004\065\004\064\004\076\004\062\004\060\004\075\004\070\004\065\000\040\004\100\004\065\004\066\004\070\004\074\004\060\000\040\004\064\004\062\004\070\004\066\004\065\004\075\004\070\004\117\000\040\004\101\000\040\004\077\004\076\004\101\004\102\004\076\004\117\004\075\004\075\004\113\004\074\000\040\004\103\004\101\004\072\004\076\004\100\004\065\004\075\004\070\004\065\004\074}{section*.22}% 17
\BOOKMARK [3][-]{section*.43}{\376\377\004\027\004\060\004\064\004\060\004\075\004\070\004\065}{section*.41}% 18
\BOOKMARK [3][-]{section*.45}{\376\377\004\022\004\113\004\077\004\076\004\073\004\075\004\065\004\075\004\070\004\065\000\040\004\100\004\060\004\061\004\076\004\102\004\113}{section*.41}% 19
\BOOKMARK [1][-]{section*.48}{\376\377\004\030\004\101\004\101\004\073\004\065\004\064\004\076\004\062\004\060\004\075\004\070\004\065\000\040\004\062\004\073\004\070\004\117\004\075\004\070\004\117\000\040\004\062\004\075\004\065\004\110\004\075\004\070\004\105\000\040\004\062\004\076\004\067\004\074\004\103\004\111\004\065\004\075\004\070\004\071}{}% 20
\BOOKMARK [2][-]{section*.50}{\376\377\004\043\004\101\004\073\004\076\004\062\004\070\004\117\000\040\004\070\000\040\004\067\004\060\004\064\004\060\004\075\004\070\004\065}{section*.48}% 21
\BOOKMARK [2][-]{section*.53}{\376\377\004\022\004\113\004\077\004\076\004\073\004\075\004\065\004\075\004\070\004\065\000\040\004\100\004\060\004\061\004\076\004\102\004\113}{section*.48}% 22
\BOOKMARK [1][-]{section*.58}{\376\377\004\030\004\101\004\101\004\073\004\065\004\064\004\076\004\062\004\060\004\075\004\070\004\065\000\040\004\103\004\101\004\102\004\060\004\075\004\076\004\062\004\070\004\062\004\110\004\065\004\071\004\101\004\117\000\040\004\076\004\110\004\070\004\061\004\072\004\070\000\040\004\077\004\100\004\070\000\040\004\077\004\100\004\076\004\070\004\067\004\062\004\076\004\073\004\114\004\075\004\076\004\074\000\040\004\062\004\105\004\076\004\064\004\075\004\076\004\074\000\040\004\062\004\076\004\067\004\064\004\065\004\071\004\101\004\102\004\062\004\070\004\070}{}% 23
\BOOKMARK [2][-]{section*.60}{\376\377\004\043\004\101\004\073\004\076\004\062\004\070\004\117\000\040\004\070\000\040\004\067\004\060\004\064\004\060\004\075\004\070\004\065}{section*.58}% 24
\BOOKMARK [2][-]{section*.62}{\376\377\004\022\004\113\004\077\004\076\004\073\004\075\004\065\004\075\004\070\004\065\000\040\004\100\004\060\004\061\004\076\004\102\004\113}{section*.58}% 25
\BOOKMARK [1][-]{section*.67}{\376\377\004\022\004\113\004\062\004\076\004\064\004\113}{}% 26
